<?xml version="1.0" encoding="UTF-8"?>
<testng-results ignored="0" total="1" passed="1" failed="0" skipped="0">
  <reporter-output>
  </reporter-output>
  <suite started-at="2023-11-13T20:08:46 UTC" name="Default suite" finished-at="2023-11-13T20:09:27 UTC" duration-ms="41905">
    <groups>
    </groups>
    <test started-at="2023-11-13T20:08:46 UTC" name="Default test" finished-at="2023-11-13T20:09:27 UTC" duration-ms="41905">
      <class name="projectDemo.FullWebsiteTest">
        <test-method is-config="true" signature="setup()[pri:0, instance:projectDemo.FullWebsiteTest@428640fa]" started-at="2023-11-13T20:08:46 UTC" name="setup" finished-at="2023-11-13T20:08:51 UTC" duration-ms="5497" status="PASS">
          <reporter-output>
          </reporter-output>
        </test-method> <!-- setup -->
        <test-method signature="addToCartTest()[pri:0, instance:projectDemo.FullWebsiteTest@428640fa]" started-at="2023-11-13T20:08:51 UTC" name="addToCartTest" finished-at="2023-11-13T20:09:27 UTC" duration-ms="36334" status="PASS">
          <reporter-output>
          </reporter-output>
        </test-method> <!-- addToCartTest -->
      </class> <!-- projectDemo.FullWebsiteTest -->
    </test> <!-- Default test -->
  </suite> <!-- Default suite -->
</testng-results>
